Terminals unused in grammar

    T_DIVIDE_INT
    T_RETURN
    T_TRUE
    T_FALSE
    T_COL_ESQ
    T_COL_DIR
    T_COMENTARIO


Grammar

    0 $accept: algoritmo $end

    1 algoritmo: var_global funcao_main outras_funcoes
    2          | var_global funcao_main
    3          | funcao_main outras_funcoes
    4          | funcao_main

    5 var_global: var_global init_vars
    6           | init_vars

    7 outras_funcoes: outras_funcoes funcao
    8               | funcao

    9 funcao: tipo_var nome_func T_PAR_ESQ argumentos T_PAR_DIR T_CHA_ESQ codigo T_CHA_DIR

   10 argumentos: tipo_var valor
   11           | tipo_var valor T_VIRGULA argumentos

   12 funcao_main: tipo_var T_MAIN T_PAR_ESQ T_PAR_DIR T_CHA_ESQ codigo T_CHA_DIR

   13 codigo: codigo linha
   14       | linha

   15 linha: variaveis
   16      | lacos
   17      | io
   18      | condicional

   19 condicional: ifelse
   20            | if

   21 ifelse: T_IF T_PAR_ESQ condicao T_PAR_DIR T_DOIS_PONTOS T_CHA_ESQ codigo T_CHA_DIR T_ELSE T_CHA_ESQ codigo T_CHA_DIR
   22       | T_IF T_PAR_ESQ condicao T_PAR_DIR T_DOIS_PONTOS linha T_ELSE linha
   23       | T_IF T_PAR_ESQ condicao T_PAR_DIR T_DOIS_PONTOS linha T_ELSE T_CHA_ESQ codigo T_CHA_DIR
   24       | T_IF T_PAR_ESQ condicao T_PAR_DIR T_DOIS_PONTOS T_CHA_ESQ codigo T_CHA_DIR T_ELSE linha

   25 if: T_IF T_PAR_ESQ condicao T_PAR_DIR T_DOIS_PONTOS T_CHA_ESQ codigo T_CHA_DIR
   26   | T_IF T_PAR_ESQ condicao T_PAR_DIR T_DOIS_PONTOS linha

   27 io: read
   28   | print

   29 read: T_READ nome_var T_PONTO_VIRGULA

   30 print: T_PRINT print2 T_PONTO_VIRGULA

   31 print2: print2 T_ASPAS T_TEXT T_ASPAS
   32       | print2 nome_var
   33       | T_ASPAS T_TEXT T_ASPAS
   34       | nome_var

   35 lacos: do
   36      | while
   37      | for

   38 do: T_DO T_CHA_ESQ codigo T_CHA_DIR T_WHILE T_PAR_ESQ condicao T_PAR_DIR T_PONTO_VIRGULA

   39 while: T_WHILE T_PAR_ESQ condicao T_PAR_DIR T_DOIS_PONTOS T_CHA_ESQ codigo T_CHA_DIR T_PONTO_VIRGULA
   40      | T_WHILE T_PAR_ESQ condicao T_PAR_DIR T_DOIS_PONTOS linha T_PONTO_VIRGULA

   41 for: T_FOR T_PAR_ESQ nome_var T_DOIS_PONTOS valor T_VIRGULA valor T_VIRGULA valor T_PAR_DIR T_DOIS_PONTOS T_CHA_ESQ codigo T_CHA_DIR T_PONTO_VIRGULA
   42    | T_FOR T_PAR_ESQ nome_var T_DOIS_PONTOS valor T_VIRGULA valor T_VIRGULA valor T_PAR_DIR T_DOIS_PONTOS linha T_PONTO_VIRGULA

   43 condicao: condicao T_OR condicao
   44         | condicao T_AND condicao
   45         | expr_cond

   46 expr_cond: expressao op_logico expressao

   47 op_logico: T_ATRIBUICAO
   48          | T_EQUALS
   49          | T_NOTEQUALS
   50          | T_MAIOR_QUE
   51          | T_MENOR_QUE
   52          | T_MAIOR_IGUAL_QUE
   53          | T_MENOR_IGUAL_QUE

   54 variaveis: init_vars
   55          | atribuir_var

   56 atribuir_var: nome_var T_ATRIBUICAO expressao T_PONTO_VIRGULA

   57 init_vars: tipo_var nome_var T_ATRIBUICAO expressao T_PONTO_VIRGULA
   58          | tipo_var nome_var T_PONTO_VIRGULA

   59 expressao: term T_PLUS expressao
   60          | term T_MINUS expressao
   61          | term

   62 term: factor T_MULTIPLY term
   63     | factor T_DIVIDE term
   64     | factor

   65 factor: expo T_EXPOENT factor
   66       | expo

   67 expo: T_PAR_ESQ expressao T_PAR_DIR
   68     | valor
   69     | chamada_func

   70 chamada_func: nome_func T_PAR_ESQ parametros T_PAR_DIR
   71             | nome_func T_PAR_ESQ T_PAR_DIR

   72 parametros: valor
   73           | valor T_VIRGULA parametros

   74 tipo_var: T_TIPO_BOOL
   75         | T_TIPO_INT
   76         | T_TIPO_REAL

   77 valor: valor_inteiro
   78      | valor_float

   79 valor_inteiro: T_INT

   80 valor_float: T_REAL

   81 nome_var: T_IDENT

   82 nome_func: T_IDENT


Terminals, with rules where they appear

    $end (0) 0
    error (256)
    T_INT <ival> (258) 79
    T_REAL <fval> (259) 80
    T_PLUS (260) 59
    T_MINUS (261) 60
    T_MULTIPLY (262) 62
    T_DIVIDE (263) 63
    T_DIVIDE_INT (264)
    T_EXPOENT (265) 65
    T_ATRIBUICAO (266) 47 56 57
    T_EQUALS (267) 48
    T_NOTEQUALS (268) 49
    T_MENOR_QUE (269) 51
    T_MAIOR_QUE (270) 50
    T_MENOR_IGUAL_QUE (271) 53
    T_MAIOR_IGUAL_QUE (272) 52
    T_PONTO_VIRGULA (273) 29 30 38 39 40 41 42 56 57 58
    T_DOIS_PONTOS (274) 21 22 23 24 25 26 39 40 41 42
    T_VIRGULA (275) 11 41 42 73
    T_PRINT (276) 30
    T_READ (277) 29
    T_FOR (278) 41 42
    T_IF (279) 21 22 23 24 25 26
    T_ELSE (280) 21 22 23 24
    T_MAIN (281) 12
    T_WHILE (282) 38 39 40
    T_DO (283) 38
    T_RETURN (284)
    T_TRUE (285)
    T_FALSE (286)
    T_COL_ESQ (287)
    T_COL_DIR (288)
    T_CHA_ESQ (289) 9 12 21 23 24 25 38 39 41
    T_CHA_DIR (290) 9 12 21 23 24 25 38 39 41
    T_PAR_ESQ (291) 9 12 21 22 23 24 25 26 38 39 40 41 42 67 70 71
    T_PAR_DIR (292) 9 12 21 22 23 24 25 26 38 39 40 41 42 67 70 71
    T_COMENTARIO (293)
    T_IDENT (294) 81 82
    T_TEXT (295) 31 33
    T_ASPAS (296) 31 33
    T_TIPO_INT (297) 75
    T_TIPO_REAL (298) 76
    T_TIPO_BOOL (299) 74
    T_AND (300) 44
    T_OR (301) 43
    THEN (302)
    THEN_MULTILINE (303)


Nonterminals, with rules where they appear

    $accept (49)
        on left: 0
    algoritmo (50)
        on left: 1 2 3 4
        on right: 0
    var_global (51)
        on left: 5 6
        on right: 1 2 5
    outras_funcoes (52)
        on left: 7 8
        on right: 1 3 7
    funcao (53)
        on left: 9
        on right: 7 8
    argumentos (54)
        on left: 10 11
        on right: 9 11
    funcao_main (55)
        on left: 12
        on right: 1 2 3 4
    codigo (56)
        on left: 13 14
        on right: 9 12 13 21 23 24 25 38 39 41
    linha (57)
        on left: 15 16 17 18
        on right: 13 14 22 23 24 26 40 42
    condicional (58)
        on left: 19 20
        on right: 18
    ifelse (59)
        on left: 21 22 23 24
        on right: 19
    if (60)
        on left: 25 26
        on right: 20
    io (61)
        on left: 27 28
        on right: 17
    read (62)
        on left: 29
        on right: 27
    print (63)
        on left: 30
        on right: 28
    print2 (64)
        on left: 31 32 33 34
        on right: 30 31 32
    lacos (65)
        on left: 35 36 37
        on right: 16
    do (66)
        on left: 38
        on right: 35
    while (67)
        on left: 39 40
        on right: 36
    for (68)
        on left: 41 42
        on right: 37
    condicao (69)
        on left: 43 44 45
        on right: 21 22 23 24 25 26 38 39 40 43 44
    expr_cond (70)
        on left: 46
        on right: 45
    op_logico (71)
        on left: 47 48 49 50 51 52 53
        on right: 46
    variaveis (72)
        on left: 54 55
        on right: 15
    atribuir_var (73)
        on left: 56
        on right: 55
    init_vars (74)
        on left: 57 58
        on right: 5 6 54
    expressao (75)
        on left: 59 60 61
        on right: 46 56 57 59 60 67
    term (76)
        on left: 62 63 64
        on right: 59 60 61 62 63
    factor (77)
        on left: 65 66
        on right: 62 63 64 65
    expo (78)
        on left: 67 68 69
        on right: 65 66
    chamada_func (79)
        on left: 70 71
        on right: 69
    parametros (80)
        on left: 72 73
        on right: 70 73
    tipo_var (81)
        on left: 74 75 76
        on right: 9 10 11 12 57 58
    valor (82)
        on left: 77 78
        on right: 10 11 41 42 68 72 73
    valor_inteiro (83)
        on left: 79
        on right: 77
    valor_float (84)
        on left: 80
        on right: 78
    nome_var (85)
        on left: 81
        on right: 29 32 34 41 42 56 57 58
    nome_func (86)
        on left: 82
        on right: 9 70 71


State 0

    0 $accept: . algoritmo $end

    T_TIPO_INT   shift, and go to state 1
    T_TIPO_REAL  shift, and go to state 2
    T_TIPO_BOOL  shift, and go to state 3

    algoritmo    go to state 4
    var_global   go to state 5
    funcao_main  go to state 6
    init_vars    go to state 7
    tipo_var     go to state 8


State 1

   75 tipo_var: T_TIPO_INT .

    $default  reduce using rule 75 (tipo_var)


State 2

   76 tipo_var: T_TIPO_REAL .

    $default  reduce using rule 76 (tipo_var)


State 3

   74 tipo_var: T_TIPO_BOOL .

    $default  reduce using rule 74 (tipo_var)


State 4

    0 $accept: algoritmo . $end

    $end  shift, and go to state 9


State 5

    1 algoritmo: var_global . funcao_main outras_funcoes
    2          | var_global . funcao_main
    5 var_global: var_global . init_vars

    T_TIPO_INT   shift, and go to state 1
    T_TIPO_REAL  shift, and go to state 2
    T_TIPO_BOOL  shift, and go to state 3

    funcao_main  go to state 10
    init_vars    go to state 11
    tipo_var     go to state 8


State 6

    3 algoritmo: funcao_main . outras_funcoes
    4          | funcao_main .

    T_TIPO_INT   shift, and go to state 1
    T_TIPO_REAL  shift, and go to state 2
    T_TIPO_BOOL  shift, and go to state 3

    $default  reduce using rule 4 (algoritmo)

    outras_funcoes  go to state 12
    funcao          go to state 13
    tipo_var        go to state 14


State 7

    6 var_global: init_vars .

    $default  reduce using rule 6 (var_global)


State 8

   12 funcao_main: tipo_var . T_MAIN T_PAR_ESQ T_PAR_DIR T_CHA_ESQ codigo T_CHA_DIR
   57 init_vars: tipo_var . nome_var T_ATRIBUICAO expressao T_PONTO_VIRGULA
   58          | tipo_var . nome_var T_PONTO_VIRGULA

    T_MAIN   shift, and go to state 15
    T_IDENT  shift, and go to state 16

    nome_var  go to state 17


State 9

    0 $accept: algoritmo $end .

    $default  accept


State 10

    1 algoritmo: var_global funcao_main . outras_funcoes
    2          | var_global funcao_main .

    T_TIPO_INT   shift, and go to state 1
    T_TIPO_REAL  shift, and go to state 2
    T_TIPO_BOOL  shift, and go to state 3

    $default  reduce using rule 2 (algoritmo)

    outras_funcoes  go to state 18
    funcao          go to state 13
    tipo_var        go to state 14


State 11

    5 var_global: var_global init_vars .

    $default  reduce using rule 5 (var_global)


State 12

    3 algoritmo: funcao_main outras_funcoes .
    7 outras_funcoes: outras_funcoes . funcao

    T_TIPO_INT   shift, and go to state 1
    T_TIPO_REAL  shift, and go to state 2
    T_TIPO_BOOL  shift, and go to state 3

    $default  reduce using rule 3 (algoritmo)

    funcao    go to state 19
    tipo_var  go to state 14


State 13

    8 outras_funcoes: funcao .

    $default  reduce using rule 8 (outras_funcoes)


State 14

    9 funcao: tipo_var . nome_func T_PAR_ESQ argumentos T_PAR_DIR T_CHA_ESQ codigo T_CHA_DIR

    T_IDENT  shift, and go to state 20

    nome_func  go to state 21


State 15

   12 funcao_main: tipo_var T_MAIN . T_PAR_ESQ T_PAR_DIR T_CHA_ESQ codigo T_CHA_DIR

    T_PAR_ESQ  shift, and go to state 22


State 16

   81 nome_var: T_IDENT .

    $default  reduce using rule 81 (nome_var)


State 17

   57 init_vars: tipo_var nome_var . T_ATRIBUICAO expressao T_PONTO_VIRGULA
   58          | tipo_var nome_var . T_PONTO_VIRGULA

    T_ATRIBUICAO     shift, and go to state 23
    T_PONTO_VIRGULA  shift, and go to state 24


State 18

    1 algoritmo: var_global funcao_main outras_funcoes .
    7 outras_funcoes: outras_funcoes . funcao

    T_TIPO_INT   shift, and go to state 1
    T_TIPO_REAL  shift, and go to state 2
    T_TIPO_BOOL  shift, and go to state 3

    $default  reduce using rule 1 (algoritmo)

    funcao    go to state 19
    tipo_var  go to state 14


State 19

    7 outras_funcoes: outras_funcoes funcao .

    $default  reduce using rule 7 (outras_funcoes)


State 20

   82 nome_func: T_IDENT .

    $default  reduce using rule 82 (nome_func)


State 21

    9 funcao: tipo_var nome_func . T_PAR_ESQ argumentos T_PAR_DIR T_CHA_ESQ codigo T_CHA_DIR

    T_PAR_ESQ  shift, and go to state 25


State 22

   12 funcao_main: tipo_var T_MAIN T_PAR_ESQ . T_PAR_DIR T_CHA_ESQ codigo T_CHA_DIR

    T_PAR_DIR  shift, and go to state 26


State 23

   57 init_vars: tipo_var nome_var T_ATRIBUICAO . expressao T_PONTO_VIRGULA

    T_INT      shift, and go to state 27
    T_REAL     shift, and go to state 28
    T_PAR_ESQ  shift, and go to state 29
    T_IDENT    shift, and go to state 20

    expressao      go to state 30
    term           go to state 31
    factor         go to state 32
    expo           go to state 33
    chamada_func   go to state 34
    valor          go to state 35
    valor_inteiro  go to state 36
    valor_float    go to state 37
    nome_func      go to state 38


State 24

   58 init_vars: tipo_var nome_var T_PONTO_VIRGULA .

    $default  reduce using rule 58 (init_vars)


State 25

    9 funcao: tipo_var nome_func T_PAR_ESQ . argumentos T_PAR_DIR T_CHA_ESQ codigo T_CHA_DIR

    T_TIPO_INT   shift, and go to state 1
    T_TIPO_REAL  shift, and go to state 2
    T_TIPO_BOOL  shift, and go to state 3

    argumentos  go to state 39
    tipo_var    go to state 40


State 26

   12 funcao_main: tipo_var T_MAIN T_PAR_ESQ T_PAR_DIR . T_CHA_ESQ codigo T_CHA_DIR

    T_CHA_ESQ  shift, and go to state 41


State 27

   79 valor_inteiro: T_INT .

    $default  reduce using rule 79 (valor_inteiro)


State 28

   80 valor_float: T_REAL .

    $default  reduce using rule 80 (valor_float)


State 29

   67 expo: T_PAR_ESQ . expressao T_PAR_DIR

    T_INT      shift, and go to state 27
    T_REAL     shift, and go to state 28
    T_PAR_ESQ  shift, and go to state 29
    T_IDENT    shift, and go to state 20

    expressao      go to state 42
    term           go to state 31
    factor         go to state 32
    expo           go to state 33
    chamada_func   go to state 34
    valor          go to state 35
    valor_inteiro  go to state 36
    valor_float    go to state 37
    nome_func      go to state 38


State 30

   57 init_vars: tipo_var nome_var T_ATRIBUICAO expressao . T_PONTO_VIRGULA

    T_PONTO_VIRGULA  shift, and go to state 43


State 31

   59 expressao: term . T_PLUS expressao
   60          | term . T_MINUS expressao
   61          | term .

    T_PLUS   shift, and go to state 44
    T_MINUS  shift, and go to state 45

    $default  reduce using rule 61 (expressao)


State 32

   62 term: factor . T_MULTIPLY term
   63     | factor . T_DIVIDE term
   64     | factor .

    T_MULTIPLY  shift, and go to state 46
    T_DIVIDE    shift, and go to state 47

    $default  reduce using rule 64 (term)


State 33

   65 factor: expo . T_EXPOENT factor
   66       | expo .

    T_EXPOENT  shift, and go to state 48

    $default  reduce using rule 66 (factor)


State 34

   69 expo: chamada_func .

    $default  reduce using rule 69 (expo)


State 35

   68 expo: valor .

    $default  reduce using rule 68 (expo)


State 36

   77 valor: valor_inteiro .

    $default  reduce using rule 77 (valor)


State 37

   78 valor: valor_float .

    $default  reduce using rule 78 (valor)


State 38

   70 chamada_func: nome_func . T_PAR_ESQ parametros T_PAR_DIR
   71             | nome_func . T_PAR_ESQ T_PAR_DIR

    T_PAR_ESQ  shift, and go to state 49


State 39

    9 funcao: tipo_var nome_func T_PAR_ESQ argumentos . T_PAR_DIR T_CHA_ESQ codigo T_CHA_DIR

    T_PAR_DIR  shift, and go to state 50


State 40

   10 argumentos: tipo_var . valor
   11           | tipo_var . valor T_VIRGULA argumentos

    T_INT   shift, and go to state 27
    T_REAL  shift, and go to state 28

    valor          go to state 51
    valor_inteiro  go to state 36
    valor_float    go to state 37


State 41

   12 funcao_main: tipo_var T_MAIN T_PAR_ESQ T_PAR_DIR T_CHA_ESQ . codigo T_CHA_DIR

    T_PRINT      shift, and go to state 52
    T_READ       shift, and go to state 53
    T_FOR        shift, and go to state 54
    T_IF         shift, and go to state 55
    T_WHILE      shift, and go to state 56
    T_DO         shift, and go to state 57
    T_IDENT      shift, and go to state 16
    T_TIPO_INT   shift, and go to state 1
    T_TIPO_REAL  shift, and go to state 2
    T_TIPO_BOOL  shift, and go to state 3

    codigo        go to state 58
    linha         go to state 59
    condicional   go to state 60
    ifelse        go to state 61
    if            go to state 62
    io            go to state 63
    read          go to state 64
    print         go to state 65
    lacos         go to state 66
    do            go to state 67
    while         go to state 68
    for           go to state 69
    variaveis     go to state 70
    atribuir_var  go to state 71
    init_vars     go to state 72
    tipo_var      go to state 73
    nome_var      go to state 74


State 42

   67 expo: T_PAR_ESQ expressao . T_PAR_DIR

    T_PAR_DIR  shift, and go to state 75


State 43

   57 init_vars: tipo_var nome_var T_ATRIBUICAO expressao T_PONTO_VIRGULA .

    $default  reduce using rule 57 (init_vars)


State 44

   59 expressao: term T_PLUS . expressao

    T_INT      shift, and go to state 27
    T_REAL     shift, and go to state 28
    T_PAR_ESQ  shift, and go to state 29
    T_IDENT    shift, and go to state 20

    expressao      go to state 76
    term           go to state 31
    factor         go to state 32
    expo           go to state 33
    chamada_func   go to state 34
    valor          go to state 35
    valor_inteiro  go to state 36
    valor_float    go to state 37
    nome_func      go to state 38


State 45

   60 expressao: term T_MINUS . expressao

    T_INT      shift, and go to state 27
    T_REAL     shift, and go to state 28
    T_PAR_ESQ  shift, and go to state 29
    T_IDENT    shift, and go to state 20

    expressao      go to state 77
    term           go to state 31
    factor         go to state 32
    expo           go to state 33
    chamada_func   go to state 34
    valor          go to state 35
    valor_inteiro  go to state 36
    valor_float    go to state 37
    nome_func      go to state 38


State 46

   62 term: factor T_MULTIPLY . term

    T_INT      shift, and go to state 27
    T_REAL     shift, and go to state 28
    T_PAR_ESQ  shift, and go to state 29
    T_IDENT    shift, and go to state 20

    term           go to state 78
    factor         go to state 32
    expo           go to state 33
    chamada_func   go to state 34
    valor          go to state 35
    valor_inteiro  go to state 36
    valor_float    go to state 37
    nome_func      go to state 38


State 47

   63 term: factor T_DIVIDE . term

    T_INT      shift, and go to state 27
    T_REAL     shift, and go to state 28
    T_PAR_ESQ  shift, and go to state 29
    T_IDENT    shift, and go to state 20

    term           go to state 79
    factor         go to state 32
    expo           go to state 33
    chamada_func   go to state 34
    valor          go to state 35
    valor_inteiro  go to state 36
    valor_float    go to state 37
    nome_func      go to state 38


State 48

   65 factor: expo T_EXPOENT . factor

    T_INT      shift, and go to state 27
    T_REAL     shift, and go to state 28
    T_PAR_ESQ  shift, and go to state 29
    T_IDENT    shift, and go to state 20

    factor         go to state 80
    expo           go to state 33
    chamada_func   go to state 34
    valor          go to state 35
    valor_inteiro  go to state 36
    valor_float    go to state 37
    nome_func      go to state 38


State 49

   70 chamada_func: nome_func T_PAR_ESQ . parametros T_PAR_DIR
   71             | nome_func T_PAR_ESQ . T_PAR_DIR

    T_INT      shift, and go to state 27
    T_REAL     shift, and go to state 28
    T_PAR_DIR  shift, and go to state 81

    parametros     go to state 82
    valor          go to state 83
    valor_inteiro  go to state 36
    valor_float    go to state 37


State 50

    9 funcao: tipo_var nome_func T_PAR_ESQ argumentos T_PAR_DIR . T_CHA_ESQ codigo T_CHA_DIR

    T_CHA_ESQ  shift, and go to state 84


State 51

   10 argumentos: tipo_var valor .
   11           | tipo_var valor . T_VIRGULA argumentos

    T_VIRGULA  shift, and go to state 85

    $default  reduce using rule 10 (argumentos)


State 52

   30 print: T_PRINT . print2 T_PONTO_VIRGULA

    T_IDENT  shift, and go to state 16
    T_ASPAS  shift, and go to state 86

    print2    go to state 87
    nome_var  go to state 88


State 53

   29 read: T_READ . nome_var T_PONTO_VIRGULA

    T_IDENT  shift, and go to state 16

    nome_var  go to state 89


State 54

   41 for: T_FOR . T_PAR_ESQ nome_var T_DOIS_PONTOS valor T_VIRGULA valor T_VIRGULA valor T_PAR_DIR T_DOIS_PONTOS T_CHA_ESQ codigo T_CHA_DIR T_PONTO_VIRGULA
   42    | T_FOR . T_PAR_ESQ nome_var T_DOIS_PONTOS valor T_VIRGULA valor T_VIRGULA valor T_PAR_DIR T_DOIS_PONTOS linha T_PONTO_VIRGULA

    T_PAR_ESQ  shift, and go to state 90


State 55

   21 ifelse: T_IF . T_PAR_ESQ condicao T_PAR_DIR T_DOIS_PONTOS T_CHA_ESQ codigo T_CHA_DIR T_ELSE T_CHA_ESQ codigo T_CHA_DIR
   22       | T_IF . T_PAR_ESQ condicao T_PAR_DIR T_DOIS_PONTOS linha T_ELSE linha
   23       | T_IF . T_PAR_ESQ condicao T_PAR_DIR T_DOIS_PONTOS linha T_ELSE T_CHA_ESQ codigo T_CHA_DIR
   24       | T_IF . T_PAR_ESQ condicao T_PAR_DIR T_DOIS_PONTOS T_CHA_ESQ codigo T_CHA_DIR T_ELSE linha
   25 if: T_IF . T_PAR_ESQ condicao T_PAR_DIR T_DOIS_PONTOS T_CHA_ESQ codigo T_CHA_DIR
   26   | T_IF . T_PAR_ESQ condicao T_PAR_DIR T_DOIS_PONTOS linha

    T_PAR_ESQ  shift, and go to state 91


State 56

   39 while: T_WHILE . T_PAR_ESQ condicao T_PAR_DIR T_DOIS_PONTOS T_CHA_ESQ codigo T_CHA_DIR T_PONTO_VIRGULA
   40      | T_WHILE . T_PAR_ESQ condicao T_PAR_DIR T_DOIS_PONTOS linha T_PONTO_VIRGULA

    T_PAR_ESQ  shift, and go to state 92


State 57

   38 do: T_DO . T_CHA_ESQ codigo T_CHA_DIR T_WHILE T_PAR_ESQ condicao T_PAR_DIR T_PONTO_VIRGULA

    T_CHA_ESQ  shift, and go to state 93


State 58

   12 funcao_main: tipo_var T_MAIN T_PAR_ESQ T_PAR_DIR T_CHA_ESQ codigo . T_CHA_DIR
   13 codigo: codigo . linha

    T_PRINT      shift, and go to state 52
    T_READ       shift, and go to state 53
    T_FOR        shift, and go to state 54
    T_IF         shift, and go to state 55
    T_WHILE      shift, and go to state 56
    T_DO         shift, and go to state 57
    T_CHA_DIR    shift, and go to state 94
    T_IDENT      shift, and go to state 16
    T_TIPO_INT   shift, and go to state 1
    T_TIPO_REAL  shift, and go to state 2
    T_TIPO_BOOL  shift, and go to state 3

    linha         go to state 95
    condicional   go to state 60
    ifelse        go to state 61
    if            go to state 62
    io            go to state 63
    read          go to state 64
    print         go to state 65
    lacos         go to state 66
    do            go to state 67
    while         go to state 68
    for           go to state 69
    variaveis     go to state 70
    atribuir_var  go to state 71
    init_vars     go to state 72
    tipo_var      go to state 73
    nome_var      go to state 74


State 59

   14 codigo: linha .

    $default  reduce using rule 14 (codigo)


State 60

   18 linha: condicional .

    $default  reduce using rule 18 (linha)


State 61

   19 condicional: ifelse .

    $default  reduce using rule 19 (condicional)


State 62

   20 condicional: if .

    $default  reduce using rule 20 (condicional)


State 63

   17 linha: io .

    $default  reduce using rule 17 (linha)


State 64

   27 io: read .

    $default  reduce using rule 27 (io)


State 65

   28 io: print .

    $default  reduce using rule 28 (io)


State 66

   16 linha: lacos .

    $default  reduce using rule 16 (linha)


State 67

   35 lacos: do .

    $default  reduce using rule 35 (lacos)


State 68

   36 lacos: while .

    $default  reduce using rule 36 (lacos)


State 69

   37 lacos: for .

    $default  reduce using rule 37 (lacos)


State 70

   15 linha: variaveis .

    $default  reduce using rule 15 (linha)


State 71

   55 variaveis: atribuir_var .

    $default  reduce using rule 55 (variaveis)


State 72

   54 variaveis: init_vars .

    $default  reduce using rule 54 (variaveis)


State 73

   57 init_vars: tipo_var . nome_var T_ATRIBUICAO expressao T_PONTO_VIRGULA
   58          | tipo_var . nome_var T_PONTO_VIRGULA

    T_IDENT  shift, and go to state 16

    nome_var  go to state 17


State 74

   56 atribuir_var: nome_var . T_ATRIBUICAO expressao T_PONTO_VIRGULA

    T_ATRIBUICAO  shift, and go to state 96


State 75

   67 expo: T_PAR_ESQ expressao T_PAR_DIR .

    $default  reduce using rule 67 (expo)


State 76

   59 expressao: term T_PLUS expressao .

    $default  reduce using rule 59 (expressao)


State 77

   60 expressao: term T_MINUS expressao .

    $default  reduce using rule 60 (expressao)


State 78

   62 term: factor T_MULTIPLY term .

    $default  reduce using rule 62 (term)


State 79

   63 term: factor T_DIVIDE term .

    $default  reduce using rule 63 (term)


State 80

   65 factor: expo T_EXPOENT factor .

    $default  reduce using rule 65 (factor)


State 81

   71 chamada_func: nome_func T_PAR_ESQ T_PAR_DIR .

    $default  reduce using rule 71 (chamada_func)


State 82

   70 chamada_func: nome_func T_PAR_ESQ parametros . T_PAR_DIR

    T_PAR_DIR  shift, and go to state 97


State 83

   72 parametros: valor .
   73           | valor . T_VIRGULA parametros

    T_VIRGULA  shift, and go to state 98

    $default  reduce using rule 72 (parametros)


State 84

    9 funcao: tipo_var nome_func T_PAR_ESQ argumentos T_PAR_DIR T_CHA_ESQ . codigo T_CHA_DIR

    T_PRINT      shift, and go to state 52
    T_READ       shift, and go to state 53
    T_FOR        shift, and go to state 54
    T_IF         shift, and go to state 55
    T_WHILE      shift, and go to state 56
    T_DO         shift, and go to state 57
    T_IDENT      shift, and go to state 16
    T_TIPO_INT   shift, and go to state 1
    T_TIPO_REAL  shift, and go to state 2
    T_TIPO_BOOL  shift, and go to state 3

    codigo        go to state 99
    linha         go to state 59
    condicional   go to state 60
    ifelse        go to state 61
    if            go to state 62
    io            go to state 63
    read          go to state 64
    print         go to state 65
    lacos         go to state 66
    do            go to state 67
    while         go to state 68
    for           go to state 69
    variaveis     go to state 70
    atribuir_var  go to state 71
    init_vars     go to state 72
    tipo_var      go to state 73
    nome_var      go to state 74


State 85

   11 argumentos: tipo_var valor T_VIRGULA . argumentos

    T_TIPO_INT   shift, and go to state 1
    T_TIPO_REAL  shift, and go to state 2
    T_TIPO_BOOL  shift, and go to state 3

    argumentos  go to state 100
    tipo_var    go to state 40


State 86

   33 print2: T_ASPAS . T_TEXT T_ASPAS

    T_TEXT  shift, and go to state 101


State 87

   30 print: T_PRINT print2 . T_PONTO_VIRGULA
   31 print2: print2 . T_ASPAS T_TEXT T_ASPAS
   32       | print2 . nome_var

    T_PONTO_VIRGULA  shift, and go to state 102
    T_IDENT          shift, and go to state 16
    T_ASPAS          shift, and go to state 103

    nome_var  go to state 104


State 88

   34 print2: nome_var .

    $default  reduce using rule 34 (print2)


State 89

   29 read: T_READ nome_var . T_PONTO_VIRGULA

    T_PONTO_VIRGULA  shift, and go to state 105


State 90

   41 for: T_FOR T_PAR_ESQ . nome_var T_DOIS_PONTOS valor T_VIRGULA valor T_VIRGULA valor T_PAR_DIR T_DOIS_PONTOS T_CHA_ESQ codigo T_CHA_DIR T_PONTO_VIRGULA
   42    | T_FOR T_PAR_ESQ . nome_var T_DOIS_PONTOS valor T_VIRGULA valor T_VIRGULA valor T_PAR_DIR T_DOIS_PONTOS linha T_PONTO_VIRGULA

    T_IDENT  shift, and go to state 16

    nome_var  go to state 106


State 91

   21 ifelse: T_IF T_PAR_ESQ . condicao T_PAR_DIR T_DOIS_PONTOS T_CHA_ESQ codigo T_CHA_DIR T_ELSE T_CHA_ESQ codigo T_CHA_DIR
   22       | T_IF T_PAR_ESQ . condicao T_PAR_DIR T_DOIS_PONTOS linha T_ELSE linha
   23       | T_IF T_PAR_ESQ . condicao T_PAR_DIR T_DOIS_PONTOS linha T_ELSE T_CHA_ESQ codigo T_CHA_DIR
   24       | T_IF T_PAR_ESQ . condicao T_PAR_DIR T_DOIS_PONTOS T_CHA_ESQ codigo T_CHA_DIR T_ELSE linha
   25 if: T_IF T_PAR_ESQ . condicao T_PAR_DIR T_DOIS_PONTOS T_CHA_ESQ codigo T_CHA_DIR
   26   | T_IF T_PAR_ESQ . condicao T_PAR_DIR T_DOIS_PONTOS linha

    T_INT      shift, and go to state 27
    T_REAL     shift, and go to state 28
    T_PAR_ESQ  shift, and go to state 29
    T_IDENT    shift, and go to state 20

    condicao       go to state 107
    expr_cond      go to state 108
    expressao      go to state 109
    term           go to state 31
    factor         go to state 32
    expo           go to state 33
    chamada_func   go to state 34
    valor          go to state 35
    valor_inteiro  go to state 36
    valor_float    go to state 37
    nome_func      go to state 38


State 92

   39 while: T_WHILE T_PAR_ESQ . condicao T_PAR_DIR T_DOIS_PONTOS T_CHA_ESQ codigo T_CHA_DIR T_PONTO_VIRGULA
   40      | T_WHILE T_PAR_ESQ . condicao T_PAR_DIR T_DOIS_PONTOS linha T_PONTO_VIRGULA

    T_INT      shift, and go to state 27
    T_REAL     shift, and go to state 28
    T_PAR_ESQ  shift, and go to state 29
    T_IDENT    shift, and go to state 20

    condicao       go to state 110
    expr_cond      go to state 108
    expressao      go to state 109
    term           go to state 31
    factor         go to state 32
    expo           go to state 33
    chamada_func   go to state 34
    valor          go to state 35
    valor_inteiro  go to state 36
    valor_float    go to state 37
    nome_func      go to state 38


State 93

   38 do: T_DO T_CHA_ESQ . codigo T_CHA_DIR T_WHILE T_PAR_ESQ condicao T_PAR_DIR T_PONTO_VIRGULA

    T_PRINT      shift, and go to state 52
    T_READ       shift, and go to state 53
    T_FOR        shift, and go to state 54
    T_IF         shift, and go to state 55
    T_WHILE      shift, and go to state 56
    T_DO         shift, and go to state 57
    T_IDENT      shift, and go to state 16
    T_TIPO_INT   shift, and go to state 1
    T_TIPO_REAL  shift, and go to state 2
    T_TIPO_BOOL  shift, and go to state 3

    codigo        go to state 111
    linha         go to state 59
    condicional   go to state 60
    ifelse        go to state 61
    if            go to state 62
    io            go to state 63
    read          go to state 64
    print         go to state 65
    lacos         go to state 66
    do            go to state 67
    while         go to state 68
    for           go to state 69
    variaveis     go to state 70
    atribuir_var  go to state 71
    init_vars     go to state 72
    tipo_var      go to state 73
    nome_var      go to state 74


State 94

   12 funcao_main: tipo_var T_MAIN T_PAR_ESQ T_PAR_DIR T_CHA_ESQ codigo T_CHA_DIR .

    $default  reduce using rule 12 (funcao_main)


State 95

   13 codigo: codigo linha .

    $default  reduce using rule 13 (codigo)


State 96

   56 atribuir_var: nome_var T_ATRIBUICAO . expressao T_PONTO_VIRGULA

    T_INT      shift, and go to state 27
    T_REAL     shift, and go to state 28
    T_PAR_ESQ  shift, and go to state 29
    T_IDENT    shift, and go to state 20

    expressao      go to state 112
    term           go to state 31
    factor         go to state 32
    expo           go to state 33
    chamada_func   go to state 34
    valor          go to state 35
    valor_inteiro  go to state 36
    valor_float    go to state 37
    nome_func      go to state 38


State 97

   70 chamada_func: nome_func T_PAR_ESQ parametros T_PAR_DIR .

    $default  reduce using rule 70 (chamada_func)


State 98

   73 parametros: valor T_VIRGULA . parametros

    T_INT   shift, and go to state 27
    T_REAL  shift, and go to state 28

    parametros     go to state 113
    valor          go to state 83
    valor_inteiro  go to state 36
    valor_float    go to state 37


State 99

    9 funcao: tipo_var nome_func T_PAR_ESQ argumentos T_PAR_DIR T_CHA_ESQ codigo . T_CHA_DIR
   13 codigo: codigo . linha

    T_PRINT      shift, and go to state 52
    T_READ       shift, and go to state 53
    T_FOR        shift, and go to state 54
    T_IF         shift, and go to state 55
    T_WHILE      shift, and go to state 56
    T_DO         shift, and go to state 57
    T_CHA_DIR    shift, and go to state 114
    T_IDENT      shift, and go to state 16
    T_TIPO_INT   shift, and go to state 1
    T_TIPO_REAL  shift, and go to state 2
    T_TIPO_BOOL  shift, and go to state 3

    linha         go to state 95
    condicional   go to state 60
    ifelse        go to state 61
    if            go to state 62
    io            go to state 63
    read          go to state 64
    print         go to state 65
    lacos         go to state 66
    do            go to state 67
    while         go to state 68
    for           go to state 69
    variaveis     go to state 70
    atribuir_var  go to state 71
    init_vars     go to state 72
    tipo_var      go to state 73
    nome_var      go to state 74


State 100

   11 argumentos: tipo_var valor T_VIRGULA argumentos .

    $default  reduce using rule 11 (argumentos)


State 101

   33 print2: T_ASPAS T_TEXT . T_ASPAS

    T_ASPAS  shift, and go to state 115


State 102

   30 print: T_PRINT print2 T_PONTO_VIRGULA .

    $default  reduce using rule 30 (print)


State 103

   31 print2: print2 T_ASPAS . T_TEXT T_ASPAS

    T_TEXT  shift, and go to state 116


State 104

   32 print2: print2 nome_var .

    $default  reduce using rule 32 (print2)


State 105

   29 read: T_READ nome_var T_PONTO_VIRGULA .

    $default  reduce using rule 29 (read)


State 106

   41 for: T_FOR T_PAR_ESQ nome_var . T_DOIS_PONTOS valor T_VIRGULA valor T_VIRGULA valor T_PAR_DIR T_DOIS_PONTOS T_CHA_ESQ codigo T_CHA_DIR T_PONTO_VIRGULA
   42    | T_FOR T_PAR_ESQ nome_var . T_DOIS_PONTOS valor T_VIRGULA valor T_VIRGULA valor T_PAR_DIR T_DOIS_PONTOS linha T_PONTO_VIRGULA

    T_DOIS_PONTOS  shift, and go to state 117


State 107

   21 ifelse: T_IF T_PAR_ESQ condicao . T_PAR_DIR T_DOIS_PONTOS T_CHA_ESQ codigo T_CHA_DIR T_ELSE T_CHA_ESQ codigo T_CHA_DIR
   22       | T_IF T_PAR_ESQ condicao . T_PAR_DIR T_DOIS_PONTOS linha T_ELSE linha
   23       | T_IF T_PAR_ESQ condicao . T_PAR_DIR T_DOIS_PONTOS linha T_ELSE T_CHA_ESQ codigo T_CHA_DIR
   24       | T_IF T_PAR_ESQ condicao . T_PAR_DIR T_DOIS_PONTOS T_CHA_ESQ codigo T_CHA_DIR T_ELSE linha
   25 if: T_IF T_PAR_ESQ condicao . T_PAR_DIR T_DOIS_PONTOS T_CHA_ESQ codigo T_CHA_DIR
   26   | T_IF T_PAR_ESQ condicao . T_PAR_DIR T_DOIS_PONTOS linha
   43 condicao: condicao . T_OR condicao
   44         | condicao . T_AND condicao

    T_PAR_DIR  shift, and go to state 118
    T_AND      shift, and go to state 119
    T_OR       shift, and go to state 120


State 108

   45 condicao: expr_cond .

    $default  reduce using rule 45 (condicao)


State 109

   46 expr_cond: expressao . op_logico expressao

    T_ATRIBUICAO       shift, and go to state 121
    T_EQUALS           shift, and go to state 122
    T_NOTEQUALS        shift, and go to state 123
    T_MENOR_QUE        shift, and go to state 124
    T_MAIOR_QUE        shift, and go to state 125
    T_MENOR_IGUAL_QUE  shift, and go to state 126
    T_MAIOR_IGUAL_QUE  shift, and go to state 127

    op_logico  go to state 128


State 110

   39 while: T_WHILE T_PAR_ESQ condicao . T_PAR_DIR T_DOIS_PONTOS T_CHA_ESQ codigo T_CHA_DIR T_PONTO_VIRGULA
   40      | T_WHILE T_PAR_ESQ condicao . T_PAR_DIR T_DOIS_PONTOS linha T_PONTO_VIRGULA
   43 condicao: condicao . T_OR condicao
   44         | condicao . T_AND condicao

    T_PAR_DIR  shift, and go to state 129
    T_AND      shift, and go to state 119
    T_OR       shift, and go to state 120


State 111

   13 codigo: codigo . linha
   38 do: T_DO T_CHA_ESQ codigo . T_CHA_DIR T_WHILE T_PAR_ESQ condicao T_PAR_DIR T_PONTO_VIRGULA

    T_PRINT      shift, and go to state 52
    T_READ       shift, and go to state 53
    T_FOR        shift, and go to state 54
    T_IF         shift, and go to state 55
    T_WHILE      shift, and go to state 56
    T_DO         shift, and go to state 57
    T_CHA_DIR    shift, and go to state 130
    T_IDENT      shift, and go to state 16
    T_TIPO_INT   shift, and go to state 1
    T_TIPO_REAL  shift, and go to state 2
    T_TIPO_BOOL  shift, and go to state 3

    linha         go to state 95
    condicional   go to state 60
    ifelse        go to state 61
    if            go to state 62
    io            go to state 63
    read          go to state 64
    print         go to state 65
    lacos         go to state 66
    do            go to state 67
    while         go to state 68
    for           go to state 69
    variaveis     go to state 70
    atribuir_var  go to state 71
    init_vars     go to state 72
    tipo_var      go to state 73
    nome_var      go to state 74


State 112

   56 atribuir_var: nome_var T_ATRIBUICAO expressao . T_PONTO_VIRGULA

    T_PONTO_VIRGULA  shift, and go to state 131


State 113

   73 parametros: valor T_VIRGULA parametros .

    $default  reduce using rule 73 (parametros)


State 114

    9 funcao: tipo_var nome_func T_PAR_ESQ argumentos T_PAR_DIR T_CHA_ESQ codigo T_CHA_DIR .

    $default  reduce using rule 9 (funcao)


State 115

   33 print2: T_ASPAS T_TEXT T_ASPAS .

    $default  reduce using rule 33 (print2)


State 116

   31 print2: print2 T_ASPAS T_TEXT . T_ASPAS

    T_ASPAS  shift, and go to state 132


State 117

   41 for: T_FOR T_PAR_ESQ nome_var T_DOIS_PONTOS . valor T_VIRGULA valor T_VIRGULA valor T_PAR_DIR T_DOIS_PONTOS T_CHA_ESQ codigo T_CHA_DIR T_PONTO_VIRGULA
   42    | T_FOR T_PAR_ESQ nome_var T_DOIS_PONTOS . valor T_VIRGULA valor T_VIRGULA valor T_PAR_DIR T_DOIS_PONTOS linha T_PONTO_VIRGULA

    T_INT   shift, and go to state 27
    T_REAL  shift, and go to state 28

    valor          go to state 133
    valor_inteiro  go to state 36
    valor_float    go to state 37


State 118

   21 ifelse: T_IF T_PAR_ESQ condicao T_PAR_DIR . T_DOIS_PONTOS T_CHA_ESQ codigo T_CHA_DIR T_ELSE T_CHA_ESQ codigo T_CHA_DIR
   22       | T_IF T_PAR_ESQ condicao T_PAR_DIR . T_DOIS_PONTOS linha T_ELSE linha
   23       | T_IF T_PAR_ESQ condicao T_PAR_DIR . T_DOIS_PONTOS linha T_ELSE T_CHA_ESQ codigo T_CHA_DIR
   24       | T_IF T_PAR_ESQ condicao T_PAR_DIR . T_DOIS_PONTOS T_CHA_ESQ codigo T_CHA_DIR T_ELSE linha
   25 if: T_IF T_PAR_ESQ condicao T_PAR_DIR . T_DOIS_PONTOS T_CHA_ESQ codigo T_CHA_DIR
   26   | T_IF T_PAR_ESQ condicao T_PAR_DIR . T_DOIS_PONTOS linha

    T_DOIS_PONTOS  shift, and go to state 134


State 119

   44 condicao: condicao T_AND . condicao

    T_INT      shift, and go to state 27
    T_REAL     shift, and go to state 28
    T_PAR_ESQ  shift, and go to state 29
    T_IDENT    shift, and go to state 20

    condicao       go to state 135
    expr_cond      go to state 108
    expressao      go to state 109
    term           go to state 31
    factor         go to state 32
    expo           go to state 33
    chamada_func   go to state 34
    valor          go to state 35
    valor_inteiro  go to state 36
    valor_float    go to state 37
    nome_func      go to state 38


State 120

   43 condicao: condicao T_OR . condicao

    T_INT      shift, and go to state 27
    T_REAL     shift, and go to state 28
    T_PAR_ESQ  shift, and go to state 29
    T_IDENT    shift, and go to state 20

    condicao       go to state 136
    expr_cond      go to state 108
    expressao      go to state 109
    term           go to state 31
    factor         go to state 32
    expo           go to state 33
    chamada_func   go to state 34
    valor          go to state 35
    valor_inteiro  go to state 36
    valor_float    go to state 37
    nome_func      go to state 38


State 121

   47 op_logico: T_ATRIBUICAO .

    $default  reduce using rule 47 (op_logico)


State 122

   48 op_logico: T_EQUALS .

    $default  reduce using rule 48 (op_logico)


State 123

   49 op_logico: T_NOTEQUALS .

    $default  reduce using rule 49 (op_logico)


State 124

   51 op_logico: T_MENOR_QUE .

    $default  reduce using rule 51 (op_logico)


State 125

   50 op_logico: T_MAIOR_QUE .

    $default  reduce using rule 50 (op_logico)


State 126

   53 op_logico: T_MENOR_IGUAL_QUE .

    $default  reduce using rule 53 (op_logico)


State 127

   52 op_logico: T_MAIOR_IGUAL_QUE .

    $default  reduce using rule 52 (op_logico)


State 128

   46 expr_cond: expressao op_logico . expressao

    T_INT      shift, and go to state 27
    T_REAL     shift, and go to state 28
    T_PAR_ESQ  shift, and go to state 29
    T_IDENT    shift, and go to state 20

    expressao      go to state 137
    term           go to state 31
    factor         go to state 32
    expo           go to state 33
    chamada_func   go to state 34
    valor          go to state 35
    valor_inteiro  go to state 36
    valor_float    go to state 37
    nome_func      go to state 38


State 129

   39 while: T_WHILE T_PAR_ESQ condicao T_PAR_DIR . T_DOIS_PONTOS T_CHA_ESQ codigo T_CHA_DIR T_PONTO_VIRGULA
   40      | T_WHILE T_PAR_ESQ condicao T_PAR_DIR . T_DOIS_PONTOS linha T_PONTO_VIRGULA

    T_DOIS_PONTOS  shift, and go to state 138


State 130

   38 do: T_DO T_CHA_ESQ codigo T_CHA_DIR . T_WHILE T_PAR_ESQ condicao T_PAR_DIR T_PONTO_VIRGULA

    T_WHILE  shift, and go to state 139


State 131

   56 atribuir_var: nome_var T_ATRIBUICAO expressao T_PONTO_VIRGULA .

    $default  reduce using rule 56 (atribuir_var)


State 132

   31 print2: print2 T_ASPAS T_TEXT T_ASPAS .

    $default  reduce using rule 31 (print2)


State 133

   41 for: T_FOR T_PAR_ESQ nome_var T_DOIS_PONTOS valor . T_VIRGULA valor T_VIRGULA valor T_PAR_DIR T_DOIS_PONTOS T_CHA_ESQ codigo T_CHA_DIR T_PONTO_VIRGULA
   42    | T_FOR T_PAR_ESQ nome_var T_DOIS_PONTOS valor . T_VIRGULA valor T_VIRGULA valor T_PAR_DIR T_DOIS_PONTOS linha T_PONTO_VIRGULA

    T_VIRGULA  shift, and go to state 140


State 134

   21 ifelse: T_IF T_PAR_ESQ condicao T_PAR_DIR T_DOIS_PONTOS . T_CHA_ESQ codigo T_CHA_DIR T_ELSE T_CHA_ESQ codigo T_CHA_DIR
   22       | T_IF T_PAR_ESQ condicao T_PAR_DIR T_DOIS_PONTOS . linha T_ELSE linha
   23       | T_IF T_PAR_ESQ condicao T_PAR_DIR T_DOIS_PONTOS . linha T_ELSE T_CHA_ESQ codigo T_CHA_DIR
   24       | T_IF T_PAR_ESQ condicao T_PAR_DIR T_DOIS_PONTOS . T_CHA_ESQ codigo T_CHA_DIR T_ELSE linha
   25 if: T_IF T_PAR_ESQ condicao T_PAR_DIR T_DOIS_PONTOS . T_CHA_ESQ codigo T_CHA_DIR
   26   | T_IF T_PAR_ESQ condicao T_PAR_DIR T_DOIS_PONTOS . linha

    T_PRINT      shift, and go to state 52
    T_READ       shift, and go to state 53
    T_FOR        shift, and go to state 54
    T_IF         shift, and go to state 55
    T_WHILE      shift, and go to state 56
    T_DO         shift, and go to state 57
    T_CHA_ESQ    shift, and go to state 141
    T_IDENT      shift, and go to state 16
    T_TIPO_INT   shift, and go to state 1
    T_TIPO_REAL  shift, and go to state 2
    T_TIPO_BOOL  shift, and go to state 3

    linha         go to state 142
    condicional   go to state 60
    ifelse        go to state 61
    if            go to state 62
    io            go to state 63
    read          go to state 64
    print         go to state 65
    lacos         go to state 66
    do            go to state 67
    while         go to state 68
    for           go to state 69
    variaveis     go to state 70
    atribuir_var  go to state 71
    init_vars     go to state 72
    tipo_var      go to state 73
    nome_var      go to state 74


State 135

   43 condicao: condicao . T_OR condicao
   44         | condicao . T_AND condicao
   44         | condicao T_AND condicao .

    T_OR  shift, and go to state 120

    $default  reduce using rule 44 (condicao)


State 136

   43 condicao: condicao . T_OR condicao
   43         | condicao T_OR condicao .
   44         | condicao . T_AND condicao

    $default  reduce using rule 43 (condicao)


State 137

   46 expr_cond: expressao op_logico expressao .

    $default  reduce using rule 46 (expr_cond)


State 138

   39 while: T_WHILE T_PAR_ESQ condicao T_PAR_DIR T_DOIS_PONTOS . T_CHA_ESQ codigo T_CHA_DIR T_PONTO_VIRGULA
   40      | T_WHILE T_PAR_ESQ condicao T_PAR_DIR T_DOIS_PONTOS . linha T_PONTO_VIRGULA

    T_PRINT      shift, and go to state 52
    T_READ       shift, and go to state 53
    T_FOR        shift, and go to state 54
    T_IF         shift, and go to state 55
    T_WHILE      shift, and go to state 56
    T_DO         shift, and go to state 57
    T_CHA_ESQ    shift, and go to state 143
    T_IDENT      shift, and go to state 16
    T_TIPO_INT   shift, and go to state 1
    T_TIPO_REAL  shift, and go to state 2
    T_TIPO_BOOL  shift, and go to state 3

    linha         go to state 144
    condicional   go to state 60
    ifelse        go to state 61
    if            go to state 62
    io            go to state 63
    read          go to state 64
    print         go to state 65
    lacos         go to state 66
    do            go to state 67
    while         go to state 68
    for           go to state 69
    variaveis     go to state 70
    atribuir_var  go to state 71
    init_vars     go to state 72
    tipo_var      go to state 73
    nome_var      go to state 74


State 139

   38 do: T_DO T_CHA_ESQ codigo T_CHA_DIR T_WHILE . T_PAR_ESQ condicao T_PAR_DIR T_PONTO_VIRGULA

    T_PAR_ESQ  shift, and go to state 145


State 140

   41 for: T_FOR T_PAR_ESQ nome_var T_DOIS_PONTOS valor T_VIRGULA . valor T_VIRGULA valor T_PAR_DIR T_DOIS_PONTOS T_CHA_ESQ codigo T_CHA_DIR T_PONTO_VIRGULA
   42    | T_FOR T_PAR_ESQ nome_var T_DOIS_PONTOS valor T_VIRGULA . valor T_VIRGULA valor T_PAR_DIR T_DOIS_PONTOS linha T_PONTO_VIRGULA

    T_INT   shift, and go to state 27
    T_REAL  shift, and go to state 28

    valor          go to state 146
    valor_inteiro  go to state 36
    valor_float    go to state 37


State 141

   21 ifelse: T_IF T_PAR_ESQ condicao T_PAR_DIR T_DOIS_PONTOS T_CHA_ESQ . codigo T_CHA_DIR T_ELSE T_CHA_ESQ codigo T_CHA_DIR
   24       | T_IF T_PAR_ESQ condicao T_PAR_DIR T_DOIS_PONTOS T_CHA_ESQ . codigo T_CHA_DIR T_ELSE linha
   25 if: T_IF T_PAR_ESQ condicao T_PAR_DIR T_DOIS_PONTOS T_CHA_ESQ . codigo T_CHA_DIR

    T_PRINT      shift, and go to state 52
    T_READ       shift, and go to state 53
    T_FOR        shift, and go to state 54
    T_IF         shift, and go to state 55
    T_WHILE      shift, and go to state 56
    T_DO         shift, and go to state 57
    T_IDENT      shift, and go to state 16
    T_TIPO_INT   shift, and go to state 1
    T_TIPO_REAL  shift, and go to state 2
    T_TIPO_BOOL  shift, and go to state 3

    codigo        go to state 147
    linha         go to state 59
    condicional   go to state 60
    ifelse        go to state 61
    if            go to state 62
    io            go to state 63
    read          go to state 64
    print         go to state 65
    lacos         go to state 66
    do            go to state 67
    while         go to state 68
    for           go to state 69
    variaveis     go to state 70
    atribuir_var  go to state 71
    init_vars     go to state 72
    tipo_var      go to state 73
    nome_var      go to state 74


State 142

   22 ifelse: T_IF T_PAR_ESQ condicao T_PAR_DIR T_DOIS_PONTOS linha . T_ELSE linha
   23       | T_IF T_PAR_ESQ condicao T_PAR_DIR T_DOIS_PONTOS linha . T_ELSE T_CHA_ESQ codigo T_CHA_DIR
   26 if: T_IF T_PAR_ESQ condicao T_PAR_DIR T_DOIS_PONTOS linha .

    T_ELSE  shift, and go to state 148

    $default  reduce using rule 26 (if)


State 143

   39 while: T_WHILE T_PAR_ESQ condicao T_PAR_DIR T_DOIS_PONTOS T_CHA_ESQ . codigo T_CHA_DIR T_PONTO_VIRGULA

    T_PRINT      shift, and go to state 52
    T_READ       shift, and go to state 53
    T_FOR        shift, and go to state 54
    T_IF         shift, and go to state 55
    T_WHILE      shift, and go to state 56
    T_DO         shift, and go to state 57
    T_IDENT      shift, and go to state 16
    T_TIPO_INT   shift, and go to state 1
    T_TIPO_REAL  shift, and go to state 2
    T_TIPO_BOOL  shift, and go to state 3

    codigo        go to state 149
    linha         go to state 59
    condicional   go to state 60
    ifelse        go to state 61
    if            go to state 62
    io            go to state 63
    read          go to state 64
    print         go to state 65
    lacos         go to state 66
    do            go to state 67
    while         go to state 68
    for           go to state 69
    variaveis     go to state 70
    atribuir_var  go to state 71
    init_vars     go to state 72
    tipo_var      go to state 73
    nome_var      go to state 74


State 144

   40 while: T_WHILE T_PAR_ESQ condicao T_PAR_DIR T_DOIS_PONTOS linha . T_PONTO_VIRGULA

    T_PONTO_VIRGULA  shift, and go to state 150


State 145

   38 do: T_DO T_CHA_ESQ codigo T_CHA_DIR T_WHILE T_PAR_ESQ . condicao T_PAR_DIR T_PONTO_VIRGULA

    T_INT      shift, and go to state 27
    T_REAL     shift, and go to state 28
    T_PAR_ESQ  shift, and go to state 29
    T_IDENT    shift, and go to state 20

    condicao       go to state 151
    expr_cond      go to state 108
    expressao      go to state 109
    term           go to state 31
    factor         go to state 32
    expo           go to state 33
    chamada_func   go to state 34
    valor          go to state 35
    valor_inteiro  go to state 36
    valor_float    go to state 37
    nome_func      go to state 38


State 146

   41 for: T_FOR T_PAR_ESQ nome_var T_DOIS_PONTOS valor T_VIRGULA valor . T_VIRGULA valor T_PAR_DIR T_DOIS_PONTOS T_CHA_ESQ codigo T_CHA_DIR T_PONTO_VIRGULA
   42    | T_FOR T_PAR_ESQ nome_var T_DOIS_PONTOS valor T_VIRGULA valor . T_VIRGULA valor T_PAR_DIR T_DOIS_PONTOS linha T_PONTO_VIRGULA

    T_VIRGULA  shift, and go to state 152


State 147

   13 codigo: codigo . linha
   21 ifelse: T_IF T_PAR_ESQ condicao T_PAR_DIR T_DOIS_PONTOS T_CHA_ESQ codigo . T_CHA_DIR T_ELSE T_CHA_ESQ codigo T_CHA_DIR
   24       | T_IF T_PAR_ESQ condicao T_PAR_DIR T_DOIS_PONTOS T_CHA_ESQ codigo . T_CHA_DIR T_ELSE linha
   25 if: T_IF T_PAR_ESQ condicao T_PAR_DIR T_DOIS_PONTOS T_CHA_ESQ codigo . T_CHA_DIR

    T_PRINT      shift, and go to state 52
    T_READ       shift, and go to state 53
    T_FOR        shift, and go to state 54
    T_IF         shift, and go to state 55
    T_WHILE      shift, and go to state 56
    T_DO         shift, and go to state 57
    T_CHA_DIR    shift, and go to state 153
    T_IDENT      shift, and go to state 16
    T_TIPO_INT   shift, and go to state 1
    T_TIPO_REAL  shift, and go to state 2
    T_TIPO_BOOL  shift, and go to state 3

    linha         go to state 95
    condicional   go to state 60
    ifelse        go to state 61
    if            go to state 62
    io            go to state 63
    read          go to state 64
    print         go to state 65
    lacos         go to state 66
    do            go to state 67
    while         go to state 68
    for           go to state 69
    variaveis     go to state 70
    atribuir_var  go to state 71
    init_vars     go to state 72
    tipo_var      go to state 73
    nome_var      go to state 74


State 148

   22 ifelse: T_IF T_PAR_ESQ condicao T_PAR_DIR T_DOIS_PONTOS linha T_ELSE . linha
   23       | T_IF T_PAR_ESQ condicao T_PAR_DIR T_DOIS_PONTOS linha T_ELSE . T_CHA_ESQ codigo T_CHA_DIR

    T_PRINT      shift, and go to state 52
    T_READ       shift, and go to state 53
    T_FOR        shift, and go to state 54
    T_IF         shift, and go to state 55
    T_WHILE      shift, and go to state 56
    T_DO         shift, and go to state 57
    T_CHA_ESQ    shift, and go to state 154
    T_IDENT      shift, and go to state 16
    T_TIPO_INT   shift, and go to state 1
    T_TIPO_REAL  shift, and go to state 2
    T_TIPO_BOOL  shift, and go to state 3

    linha         go to state 155
    condicional   go to state 60
    ifelse        go to state 61
    if            go to state 62
    io            go to state 63
    read          go to state 64
    print         go to state 65
    lacos         go to state 66
    do            go to state 67
    while         go to state 68
    for           go to state 69
    variaveis     go to state 70
    atribuir_var  go to state 71
    init_vars     go to state 72
    tipo_var      go to state 73
    nome_var      go to state 74


State 149

   13 codigo: codigo . linha
   39 while: T_WHILE T_PAR_ESQ condicao T_PAR_DIR T_DOIS_PONTOS T_CHA_ESQ codigo . T_CHA_DIR T_PONTO_VIRGULA

    T_PRINT      shift, and go to state 52
    T_READ       shift, and go to state 53
    T_FOR        shift, and go to state 54
    T_IF         shift, and go to state 55
    T_WHILE      shift, and go to state 56
    T_DO         shift, and go to state 57
    T_CHA_DIR    shift, and go to state 156
    T_IDENT      shift, and go to state 16
    T_TIPO_INT   shift, and go to state 1
    T_TIPO_REAL  shift, and go to state 2
    T_TIPO_BOOL  shift, and go to state 3

    linha         go to state 95
    condicional   go to state 60
    ifelse        go to state 61
    if            go to state 62
    io            go to state 63
    read          go to state 64
    print         go to state 65
    lacos         go to state 66
    do            go to state 67
    while         go to state 68
    for           go to state 69
    variaveis     go to state 70
    atribuir_var  go to state 71
    init_vars     go to state 72
    tipo_var      go to state 73
    nome_var      go to state 74


State 150

   40 while: T_WHILE T_PAR_ESQ condicao T_PAR_DIR T_DOIS_PONTOS linha T_PONTO_VIRGULA .

    $default  reduce using rule 40 (while)


State 151

   38 do: T_DO T_CHA_ESQ codigo T_CHA_DIR T_WHILE T_PAR_ESQ condicao . T_PAR_DIR T_PONTO_VIRGULA
   43 condicao: condicao . T_OR condicao
   44         | condicao . T_AND condicao

    T_PAR_DIR  shift, and go to state 157
    T_AND      shift, and go to state 119
    T_OR       shift, and go to state 120


State 152

   41 for: T_FOR T_PAR_ESQ nome_var T_DOIS_PONTOS valor T_VIRGULA valor T_VIRGULA . valor T_PAR_DIR T_DOIS_PONTOS T_CHA_ESQ codigo T_CHA_DIR T_PONTO_VIRGULA
   42    | T_FOR T_PAR_ESQ nome_var T_DOIS_PONTOS valor T_VIRGULA valor T_VIRGULA . valor T_PAR_DIR T_DOIS_PONTOS linha T_PONTO_VIRGULA

    T_INT   shift, and go to state 27
    T_REAL  shift, and go to state 28

    valor          go to state 158
    valor_inteiro  go to state 36
    valor_float    go to state 37


State 153

   21 ifelse: T_IF T_PAR_ESQ condicao T_PAR_DIR T_DOIS_PONTOS T_CHA_ESQ codigo T_CHA_DIR . T_ELSE T_CHA_ESQ codigo T_CHA_DIR
   24       | T_IF T_PAR_ESQ condicao T_PAR_DIR T_DOIS_PONTOS T_CHA_ESQ codigo T_CHA_DIR . T_ELSE linha
   25 if: T_IF T_PAR_ESQ condicao T_PAR_DIR T_DOIS_PONTOS T_CHA_ESQ codigo T_CHA_DIR .

    T_ELSE  shift, and go to state 159

    $default  reduce using rule 25 (if)


State 154

   23 ifelse: T_IF T_PAR_ESQ condicao T_PAR_DIR T_DOIS_PONTOS linha T_ELSE T_CHA_ESQ . codigo T_CHA_DIR

    T_PRINT      shift, and go to state 52
    T_READ       shift, and go to state 53
    T_FOR        shift, and go to state 54
    T_IF         shift, and go to state 55
    T_WHILE      shift, and go to state 56
    T_DO         shift, and go to state 57
    T_IDENT      shift, and go to state 16
    T_TIPO_INT   shift, and go to state 1
    T_TIPO_REAL  shift, and go to state 2
    T_TIPO_BOOL  shift, and go to state 3

    codigo        go to state 160
    linha         go to state 59
    condicional   go to state 60
    ifelse        go to state 61
    if            go to state 62
    io            go to state 63
    read          go to state 64
    print         go to state 65
    lacos         go to state 66
    do            go to state 67
    while         go to state 68
    for           go to state 69
    variaveis     go to state 70
    atribuir_var  go to state 71
    init_vars     go to state 72
    tipo_var      go to state 73
    nome_var      go to state 74


State 155

   22 ifelse: T_IF T_PAR_ESQ condicao T_PAR_DIR T_DOIS_PONTOS linha T_ELSE linha .

    $default  reduce using rule 22 (ifelse)


State 156

   39 while: T_WHILE T_PAR_ESQ condicao T_PAR_DIR T_DOIS_PONTOS T_CHA_ESQ codigo T_CHA_DIR . T_PONTO_VIRGULA

    T_PONTO_VIRGULA  shift, and go to state 161


State 157

   38 do: T_DO T_CHA_ESQ codigo T_CHA_DIR T_WHILE T_PAR_ESQ condicao T_PAR_DIR . T_PONTO_VIRGULA

    T_PONTO_VIRGULA  shift, and go to state 162


State 158

   41 for: T_FOR T_PAR_ESQ nome_var T_DOIS_PONTOS valor T_VIRGULA valor T_VIRGULA valor . T_PAR_DIR T_DOIS_PONTOS T_CHA_ESQ codigo T_CHA_DIR T_PONTO_VIRGULA
   42    | T_FOR T_PAR_ESQ nome_var T_DOIS_PONTOS valor T_VIRGULA valor T_VIRGULA valor . T_PAR_DIR T_DOIS_PONTOS linha T_PONTO_VIRGULA

    T_PAR_DIR  shift, and go to state 163


State 159

   21 ifelse: T_IF T_PAR_ESQ condicao T_PAR_DIR T_DOIS_PONTOS T_CHA_ESQ codigo T_CHA_DIR T_ELSE . T_CHA_ESQ codigo T_CHA_DIR
   24       | T_IF T_PAR_ESQ condicao T_PAR_DIR T_DOIS_PONTOS T_CHA_ESQ codigo T_CHA_DIR T_ELSE . linha

    T_PRINT      shift, and go to state 52
    T_READ       shift, and go to state 53
    T_FOR        shift, and go to state 54
    T_IF         shift, and go to state 55
    T_WHILE      shift, and go to state 56
    T_DO         shift, and go to state 57
    T_CHA_ESQ    shift, and go to state 164
    T_IDENT      shift, and go to state 16
    T_TIPO_INT   shift, and go to state 1
    T_TIPO_REAL  shift, and go to state 2
    T_TIPO_BOOL  shift, and go to state 3

    linha         go to state 165
    condicional   go to state 60
    ifelse        go to state 61
    if            go to state 62
    io            go to state 63
    read          go to state 64
    print         go to state 65
    lacos         go to state 66
    do            go to state 67
    while         go to state 68
    for           go to state 69
    variaveis     go to state 70
    atribuir_var  go to state 71
    init_vars     go to state 72
    tipo_var      go to state 73
    nome_var      go to state 74


State 160

   13 codigo: codigo . linha
   23 ifelse: T_IF T_PAR_ESQ condicao T_PAR_DIR T_DOIS_PONTOS linha T_ELSE T_CHA_ESQ codigo . T_CHA_DIR

    T_PRINT      shift, and go to state 52
    T_READ       shift, and go to state 53
    T_FOR        shift, and go to state 54
    T_IF         shift, and go to state 55
    T_WHILE      shift, and go to state 56
    T_DO         shift, and go to state 57
    T_CHA_DIR    shift, and go to state 166
    T_IDENT      shift, and go to state 16
    T_TIPO_INT   shift, and go to state 1
    T_TIPO_REAL  shift, and go to state 2
    T_TIPO_BOOL  shift, and go to state 3

    linha         go to state 95
    condicional   go to state 60
    ifelse        go to state 61
    if            go to state 62
    io            go to state 63
    read          go to state 64
    print         go to state 65
    lacos         go to state 66
    do            go to state 67
    while         go to state 68
    for           go to state 69
    variaveis     go to state 70
    atribuir_var  go to state 71
    init_vars     go to state 72
    tipo_var      go to state 73
    nome_var      go to state 74


State 161

   39 while: T_WHILE T_PAR_ESQ condicao T_PAR_DIR T_DOIS_PONTOS T_CHA_ESQ codigo T_CHA_DIR T_PONTO_VIRGULA .

    $default  reduce using rule 39 (while)


State 162

   38 do: T_DO T_CHA_ESQ codigo T_CHA_DIR T_WHILE T_PAR_ESQ condicao T_PAR_DIR T_PONTO_VIRGULA .

    $default  reduce using rule 38 (do)


State 163

   41 for: T_FOR T_PAR_ESQ nome_var T_DOIS_PONTOS valor T_VIRGULA valor T_VIRGULA valor T_PAR_DIR . T_DOIS_PONTOS T_CHA_ESQ codigo T_CHA_DIR T_PONTO_VIRGULA
   42    | T_FOR T_PAR_ESQ nome_var T_DOIS_PONTOS valor T_VIRGULA valor T_VIRGULA valor T_PAR_DIR . T_DOIS_PONTOS linha T_PONTO_VIRGULA

    T_DOIS_PONTOS  shift, and go to state 167


State 164

   21 ifelse: T_IF T_PAR_ESQ condicao T_PAR_DIR T_DOIS_PONTOS T_CHA_ESQ codigo T_CHA_DIR T_ELSE T_CHA_ESQ . codigo T_CHA_DIR

    T_PRINT      shift, and go to state 52
    T_READ       shift, and go to state 53
    T_FOR        shift, and go to state 54
    T_IF         shift, and go to state 55
    T_WHILE      shift, and go to state 56
    T_DO         shift, and go to state 57
    T_IDENT      shift, and go to state 16
    T_TIPO_INT   shift, and go to state 1
    T_TIPO_REAL  shift, and go to state 2
    T_TIPO_BOOL  shift, and go to state 3

    codigo        go to state 168
    linha         go to state 59
    condicional   go to state 60
    ifelse        go to state 61
    if            go to state 62
    io            go to state 63
    read          go to state 64
    print         go to state 65
    lacos         go to state 66
    do            go to state 67
    while         go to state 68
    for           go to state 69
    variaveis     go to state 70
    atribuir_var  go to state 71
    init_vars     go to state 72
    tipo_var      go to state 73
    nome_var      go to state 74


State 165

   24 ifelse: T_IF T_PAR_ESQ condicao T_PAR_DIR T_DOIS_PONTOS T_CHA_ESQ codigo T_CHA_DIR T_ELSE linha .

    $default  reduce using rule 24 (ifelse)


State 166

   23 ifelse: T_IF T_PAR_ESQ condicao T_PAR_DIR T_DOIS_PONTOS linha T_ELSE T_CHA_ESQ codigo T_CHA_DIR .

    $default  reduce using rule 23 (ifelse)


State 167

   41 for: T_FOR T_PAR_ESQ nome_var T_DOIS_PONTOS valor T_VIRGULA valor T_VIRGULA valor T_PAR_DIR T_DOIS_PONTOS . T_CHA_ESQ codigo T_CHA_DIR T_PONTO_VIRGULA
   42    | T_FOR T_PAR_ESQ nome_var T_DOIS_PONTOS valor T_VIRGULA valor T_VIRGULA valor T_PAR_DIR T_DOIS_PONTOS . linha T_PONTO_VIRGULA

    T_PRINT      shift, and go to state 52
    T_READ       shift, and go to state 53
    T_FOR        shift, and go to state 54
    T_IF         shift, and go to state 55
    T_WHILE      shift, and go to state 56
    T_DO         shift, and go to state 57
    T_CHA_ESQ    shift, and go to state 169
    T_IDENT      shift, and go to state 16
    T_TIPO_INT   shift, and go to state 1
    T_TIPO_REAL  shift, and go to state 2
    T_TIPO_BOOL  shift, and go to state 3

    linha         go to state 170
    condicional   go to state 60
    ifelse        go to state 61
    if            go to state 62
    io            go to state 63
    read          go to state 64
    print         go to state 65
    lacos         go to state 66
    do            go to state 67
    while         go to state 68
    for           go to state 69
    variaveis     go to state 70
    atribuir_var  go to state 71
    init_vars     go to state 72
    tipo_var      go to state 73
    nome_var      go to state 74


State 168

   13 codigo: codigo . linha
   21 ifelse: T_IF T_PAR_ESQ condicao T_PAR_DIR T_DOIS_PONTOS T_CHA_ESQ codigo T_CHA_DIR T_ELSE T_CHA_ESQ codigo . T_CHA_DIR

    T_PRINT      shift, and go to state 52
    T_READ       shift, and go to state 53
    T_FOR        shift, and go to state 54
    T_IF         shift, and go to state 55
    T_WHILE      shift, and go to state 56
    T_DO         shift, and go to state 57
    T_CHA_DIR    shift, and go to state 171
    T_IDENT      shift, and go to state 16
    T_TIPO_INT   shift, and go to state 1
    T_TIPO_REAL  shift, and go to state 2
    T_TIPO_BOOL  shift, and go to state 3

    linha         go to state 95
    condicional   go to state 60
    ifelse        go to state 61
    if            go to state 62
    io            go to state 63
    read          go to state 64
    print         go to state 65
    lacos         go to state 66
    do            go to state 67
    while         go to state 68
    for           go to state 69
    variaveis     go to state 70
    atribuir_var  go to state 71
    init_vars     go to state 72
    tipo_var      go to state 73
    nome_var      go to state 74


State 169

   41 for: T_FOR T_PAR_ESQ nome_var T_DOIS_PONTOS valor T_VIRGULA valor T_VIRGULA valor T_PAR_DIR T_DOIS_PONTOS T_CHA_ESQ . codigo T_CHA_DIR T_PONTO_VIRGULA

    T_PRINT      shift, and go to state 52
    T_READ       shift, and go to state 53
    T_FOR        shift, and go to state 54
    T_IF         shift, and go to state 55
    T_WHILE      shift, and go to state 56
    T_DO         shift, and go to state 57
    T_IDENT      shift, and go to state 16
    T_TIPO_INT   shift, and go to state 1
    T_TIPO_REAL  shift, and go to state 2
    T_TIPO_BOOL  shift, and go to state 3

    codigo        go to state 172
    linha         go to state 59
    condicional   go to state 60
    ifelse        go to state 61
    if            go to state 62
    io            go to state 63
    read          go to state 64
    print         go to state 65
    lacos         go to state 66
    do            go to state 67
    while         go to state 68
    for           go to state 69
    variaveis     go to state 70
    atribuir_var  go to state 71
    init_vars     go to state 72
    tipo_var      go to state 73
    nome_var      go to state 74


State 170

   42 for: T_FOR T_PAR_ESQ nome_var T_DOIS_PONTOS valor T_VIRGULA valor T_VIRGULA valor T_PAR_DIR T_DOIS_PONTOS linha . T_PONTO_VIRGULA

    T_PONTO_VIRGULA  shift, and go to state 173


State 171

   21 ifelse: T_IF T_PAR_ESQ condicao T_PAR_DIR T_DOIS_PONTOS T_CHA_ESQ codigo T_CHA_DIR T_ELSE T_CHA_ESQ codigo T_CHA_DIR .

    $default  reduce using rule 21 (ifelse)


State 172

   13 codigo: codigo . linha
   41 for: T_FOR T_PAR_ESQ nome_var T_DOIS_PONTOS valor T_VIRGULA valor T_VIRGULA valor T_PAR_DIR T_DOIS_PONTOS T_CHA_ESQ codigo . T_CHA_DIR T_PONTO_VIRGULA

    T_PRINT      shift, and go to state 52
    T_READ       shift, and go to state 53
    T_FOR        shift, and go to state 54
    T_IF         shift, and go to state 55
    T_WHILE      shift, and go to state 56
    T_DO         shift, and go to state 57
    T_CHA_DIR    shift, and go to state 174
    T_IDENT      shift, and go to state 16
    T_TIPO_INT   shift, and go to state 1
    T_TIPO_REAL  shift, and go to state 2
    T_TIPO_BOOL  shift, and go to state 3

    linha         go to state 95
    condicional   go to state 60
    ifelse        go to state 61
    if            go to state 62
    io            go to state 63
    read          go to state 64
    print         go to state 65
    lacos         go to state 66
    do            go to state 67
    while         go to state 68
    for           go to state 69
    variaveis     go to state 70
    atribuir_var  go to state 71
    init_vars     go to state 72
    tipo_var      go to state 73
    nome_var      go to state 74


State 173

   42 for: T_FOR T_PAR_ESQ nome_var T_DOIS_PONTOS valor T_VIRGULA valor T_VIRGULA valor T_PAR_DIR T_DOIS_PONTOS linha T_PONTO_VIRGULA .

    $default  reduce using rule 42 (for)


State 174

   41 for: T_FOR T_PAR_ESQ nome_var T_DOIS_PONTOS valor T_VIRGULA valor T_VIRGULA valor T_PAR_DIR T_DOIS_PONTOS T_CHA_ESQ codigo T_CHA_DIR . T_PONTO_VIRGULA

    T_PONTO_VIRGULA  shift, and go to state 175


State 175

   41 for: T_FOR T_PAR_ESQ nome_var T_DOIS_PONTOS valor T_VIRGULA valor T_VIRGULA valor T_PAR_DIR T_DOIS_PONTOS T_CHA_ESQ codigo T_CHA_DIR T_PONTO_VIRGULA .

    $default  reduce using rule 41 (for)
